\BOOKMARK [0][-]{chapter.1}{\376\377\0001\000\040\000H\000i\000e\000r\000a\000r\000c\000h\000i\000c\000a\000l\000\040\000I\000n\000d\000e\000x}{}% 1
\BOOKMARK [1][-]{section.1.1}{\376\377\0001\000.\0001\000\040\000C\000l\000a\000s\000s\000\040\000H\000i\000e\000r\000a\000r\000c\000h\000y}{chapter.1}% 2
\BOOKMARK [0][-]{chapter.2}{\376\377\0002\000\040\000C\000l\000a\000s\000s\000\040\000I\000n\000d\000e\000x}{}% 3
\BOOKMARK [1][-]{section.2.1}{\376\377\0002\000.\0001\000\040\000C\000l\000a\000s\000s\000\040\000L\000i\000s\000t}{chapter.2}% 4
\BOOKMARK [0][-]{chapter.3}{\376\377\0003\000\040\000F\000i\000l\000e\000\040\000I\000n\000d\000e\000x}{}% 5
\BOOKMARK [1][-]{section.3.1}{\376\377\0003\000.\0001\000\040\000F\000i\000l\000e\000\040\000L\000i\000s\000t}{chapter.3}% 6
\BOOKMARK [0][-]{chapter.4}{\376\377\0004\000\040\000C\000l\000a\000s\000s\000\040\000D\000o\000c\000u\000m\000e\000n\000t\000a\000t\000i\000o\000n}{}% 7
\BOOKMARK [1][-]{section.4.1}{\376\377\0004\000.\0001\000\040\000G\000i\000v\000e\000n\000s\000R\000o\000t\000a\000t\000i\000o\000n\000M\000a\000t\000r\000i\000x\000<\000\040\000r\000e\000a\000l\000\137\000t\000\040\000>\000\040\000C\000l\000a\000s\000s\000\040\000T\000e\000m\000p\000l\000a\000t\000e\000\040\000R\000e\000f\000e\000r\000e\000n\000c\000e}{chapter.4}% 8
\BOOKMARK [2][-]{subsection.4.1.1}{\376\377\0004\000.\0001\000.\0001\000\040\000D\000e\000t\000a\000i\000l\000e\000d\000\040\000D\000e\000s\000c\000r\000i\000p\000t\000i\000o\000n}{section.4.1}% 9
\BOOKMARK [2][-]{subsection.4.1.2}{\376\377\0004\000.\0001\000.\0002\000\040\000C\000o\000n\000s\000t\000r\000u\000c\000t\000o\000r\000\040\000\046\000\040\000D\000e\000s\000t\000r\000u\000c\000t\000o\000r\000\040\000D\000o\000c\000u\000m\000e\000n\000t\000a\000t\000i\000o\000n}{section.4.1}% 10
\BOOKMARK [3][-]{subsubsection.4.1.2.1}{\376\377\0004\000.\0001\000.\0002\000.\0001\000\040\000G\000i\000v\000e\000n\000s\000R\000o\000t\000a\000t\000i\000o\000n\000M\000a\000t\000r\000i\000x\000\050\000\051}{subsection.4.1.2}% 11
\BOOKMARK [2][-]{subsection.4.1.3}{\376\377\0004\000.\0001\000.\0003\000\040\000M\000e\000m\000b\000e\000r\000\040\000F\000u\000n\000c\000t\000i\000o\000n\000\040\000D\000o\000c\000u\000m\000e\000n\000t\000a\000t\000i\000o\000n}{section.4.1}% 12
\BOOKMARK [3][-]{subsubsection.4.1.3.1}{\376\377\0004\000.\0001\000.\0003\000.\0001\000\040\000m\000u\000l\000t\000i\000p\000l\000y\000\050\000\051}{subsection.4.1.3}% 13
\BOOKMARK [3][-]{subsubsection.4.1.3.2}{\376\377\0004\000.\0001\000.\0003\000.\0002\000\040\000s\000e\000t\000u\000p\000R\000o\000t\000a\000t\000i\000o\000n\000M\000a\000t\000r\000i\000x\000\050\000\051}{subsection.4.1.3}% 14
\BOOKMARK [1][-]{section.4.2}{\376\377\0004\000.\0002\000\040\000L\000o\000w\000e\000r\000T\000r\000i\000a\000n\000g\000u\000l\000a\000r\000M\000a\000t\000r\000i\000x\000<\000\040\000r\000e\000a\000l\000\137\000t\000\040\000>\000\040\000C\000l\000a\000s\000s\000\040\000T\000e\000m\000p\000l\000a\000t\000e\000\040\000R\000e\000f\000e\000r\000e\000n\000c\000e}{chapter.4}% 15
\BOOKMARK [2][-]{subsection.4.2.1}{\376\377\0004\000.\0002\000.\0001\000\040\000D\000e\000t\000a\000i\000l\000e\000d\000\040\000D\000e\000s\000c\000r\000i\000p\000t\000i\000o\000n}{section.4.2}% 16
\BOOKMARK [2][-]{subsection.4.2.2}{\376\377\0004\000.\0002\000.\0002\000\040\000C\000o\000n\000s\000t\000r\000u\000c\000t\000o\000r\000\040\000\046\000\040\000D\000e\000s\000t\000r\000u\000c\000t\000o\000r\000\040\000D\000o\000c\000u\000m\000e\000n\000t\000a\000t\000i\000o\000n}{section.4.2}% 17
\BOOKMARK [3][-]{subsubsection.4.2.2.1}{\376\377\0004\000.\0002\000.\0002\000.\0001\000\040\000L\000o\000w\000e\000r\000T\000r\000i\000a\000n\000g\000u\000l\000a\000r\000M\000a\000t\000r\000i\000x\000\050\000\051}{subsection.4.2.2}% 18
\BOOKMARK [3][-]{subsubsection.4.2.2.2}{\376\377\0004\000.\0002\000.\0002\000.\0002\000\040\000\040\000L\000o\000w\000e\000r\000T\000r\000i\000a\000n\000g\000u\000l\000a\000r\000M\000a\000t\000r\000i\000x\000\050\000\051}{subsection.4.2.2}% 19
\BOOKMARK [2][-]{subsection.4.2.3}{\376\377\0004\000.\0002\000.\0003\000\040\000M\000e\000m\000b\000e\000r\000\040\000F\000u\000n\000c\000t\000i\000o\000n\000\040\000D\000o\000c\000u\000m\000e\000n\000t\000a\000t\000i\000o\000n}{section.4.2}% 20
\BOOKMARK [3][-]{subsubsection.4.2.3.1}{\376\377\0004\000.\0002\000.\0003\000.\0001\000\040\000g\000e\000t\000E\000l\000e\000m\000e\000n\000t\000\050\000\051}{subsection.4.2.3}% 21
\BOOKMARK [3][-]{subsubsection.4.2.3.2}{\376\377\0004\000.\0002\000.\0003\000.\0002\000\040\000g\000e\000t\000I\000n\000d\000e\000x\000\050\000\051}{subsection.4.2.3}% 22
\BOOKMARK [3][-]{subsubsection.4.2.3.3}{\376\377\0004\000.\0002\000.\0003\000.\0003\000\040\000i\000n\000d\000e\000x\000O\000f\000Z\000e\000r\000o\000E\000l\000e\000m\000e\000n\000t\000\050\000\051}{subsection.4.2.3}% 23
\BOOKMARK [3][-]{subsubsection.4.2.3.4}{\376\377\0004\000.\0002\000.\0003\000.\0004\000\040\000p\000r\000i\000n\000t\000M\000a\000t\000r\000i\000x\000\050\000\051}{subsection.4.2.3}% 24
\BOOKMARK [3][-]{subsubsection.4.2.3.5}{\376\377\0004\000.\0002\000.\0003\000.\0005\000\040\000s\000e\000t\000E\000l\000e\000m\000e\000n\000t\000\050\000\051}{subsection.4.2.3}% 25
\BOOKMARK [1][-]{section.4.3}{\376\377\0004\000.\0003\000\040\000Q\000R\000S\000o\000l\000v\000e\000r\000\040\000C\000l\000a\000s\000s\000\040\000R\000e\000f\000e\000r\000e\000n\000c\000e}{chapter.4}% 26
\BOOKMARK [2][-]{subsection.4.3.1}{\376\377\0004\000.\0003\000.\0001\000\040\000D\000e\000t\000a\000i\000l\000e\000d\000\040\000D\000e\000s\000c\000r\000i\000p\000t\000i\000o\000n}{section.4.3}% 27
\BOOKMARK [2][-]{subsection.4.3.2}{\376\377\0004\000.\0003\000.\0002\000\040\000C\000o\000n\000s\000t\000r\000u\000c\000t\000o\000r\000\040\000\046\000\040\000D\000e\000s\000t\000r\000u\000c\000t\000o\000r\000\040\000D\000o\000c\000u\000m\000e\000n\000t\000a\000t\000i\000o\000n}{section.4.3}% 28
\BOOKMARK [3][-]{subsubsection.4.3.2.1}{\376\377\0004\000.\0003\000.\0002\000.\0001\000\040\000Q\000R\000S\000o\000l\000v\000e\000r\000\050\000\051}{subsection.4.3.2}% 29
\BOOKMARK [3][-]{subsubsection.4.3.2.2}{\376\377\0004\000.\0003\000.\0002\000.\0002\000\040\000\040\000Q\000R\000S\000o\000l\000v\000e\000r\000\050\000\051}{subsection.4.3.2}% 30
\BOOKMARK [2][-]{subsection.4.3.3}{\376\377\0004\000.\0003\000.\0003\000\040\000M\000e\000m\000b\000e\000r\000\040\000F\000u\000n\000c\000t\000i\000o\000n\000\040\000D\000o\000c\000u\000m\000e\000n\000t\000a\000t\000i\000o\000n}{section.4.3}% 31
\BOOKMARK [3][-]{subsubsection.4.3.3.1}{\376\377\0004\000.\0003\000.\0003\000.\0001\000\040\000g\000e\000t\000I\000n\000d\000e\000x\000\050\000\051}{subsection.4.3.3}% 32
\BOOKMARK [1][-]{section.4.4}{\376\377\0004\000.\0004\000\040\000T\000r\000i\000d\000i\000a\000g\000o\000n\000a\000l\000M\000a\000t\000r\000i\000x\000<\000\040\000r\000e\000a\000l\000\137\000t\000\040\000>\000\040\000C\000l\000a\000s\000s\000\040\000T\000e\000m\000p\000l\000a\000t\000e\000\040\000R\000e\000f\000e\000r\000e\000n\000c\000e}{chapter.4}% 33
\BOOKMARK [2][-]{subsection.4.4.1}{\376\377\0004\000.\0004\000.\0001\000\040\000D\000e\000t\000a\000i\000l\000e\000d\000\040\000D\000e\000s\000c\000r\000i\000p\000t\000i\000o\000n}{section.4.4}% 34
\BOOKMARK [2][-]{subsection.4.4.2}{\376\377\0004\000.\0004\000.\0002\000\040\000C\000o\000n\000s\000t\000r\000u\000c\000t\000o\000r\000\040\000\046\000\040\000D\000e\000s\000t\000r\000u\000c\000t\000o\000r\000\040\000D\000o\000c\000u\000m\000e\000n\000t\000a\000t\000i\000o\000n}{section.4.4}% 35
\BOOKMARK [3][-]{subsubsection.4.4.2.1}{\376\377\0004\000.\0004\000.\0002\000.\0001\000\040\000T\000r\000i\000d\000i\000a\000g\000o\000n\000a\000l\000M\000a\000t\000r\000i\000x\000\050\000\051}{subsection.4.4.2}% 36
\BOOKMARK [3][-]{subsubsection.4.4.2.2}{\376\377\0004\000.\0004\000.\0002\000.\0002\000\040\000\040\000T\000r\000i\000d\000i\000a\000g\000o\000n\000a\000l\000M\000a\000t\000r\000i\000x\000\050\000\051}{subsection.4.4.2}% 37
\BOOKMARK [2][-]{subsection.4.4.3}{\376\377\0004\000.\0004\000.\0003\000\040\000M\000e\000m\000b\000e\000r\000\040\000F\000u\000n\000c\000t\000i\000o\000n\000\040\000D\000o\000c\000u\000m\000e\000n\000t\000a\000t\000i\000o\000n}{section.4.4}% 38
\BOOKMARK [3][-]{subsubsection.4.4.3.1}{\376\377\0004\000.\0004\000.\0003\000.\0001\000\040\000g\000e\000t\000E\000l\000e\000m\000e\000n\000t\000\050\000\051}{subsection.4.4.3}% 39
\BOOKMARK [3][-]{subsubsection.4.4.3.2}{\376\377\0004\000.\0004\000.\0003\000.\0002\000\040\000g\000e\000t\000I\000n\000d\000e\000x\000\050\000\051}{subsection.4.4.3}% 40
\BOOKMARK [3][-]{subsubsection.4.4.3.3}{\376\377\0004\000.\0004\000.\0003\000.\0003\000\040\000i\000n\000d\000e\000x\000O\000f\000Z\000e\000r\000o\000E\000l\000e\000m\000e\000n\000t\000\050\000\051}{subsection.4.4.3}% 41
\BOOKMARK [3][-]{subsubsection.4.4.3.4}{\376\377\0004\000.\0004\000.\0003\000.\0004\000\040\000p\000r\000i\000n\000t\000\050\000\051}{subsection.4.4.3}% 42
\BOOKMARK [3][-]{subsubsection.4.4.3.5}{\376\377\0004\000.\0004\000.\0003\000.\0005\000\040\000p\000r\000i\000n\000t\000M\000a\000t\000r\000i\000x\000\050\000\051}{subsection.4.4.3}% 43
\BOOKMARK [3][-]{subsubsection.4.4.3.6}{\376\377\0004\000.\0004\000.\0003\000.\0006\000\040\000s\000e\000t\000E\000l\000e\000m\000e\000n\000t\000\050\000\051}{subsection.4.4.3}% 44
\BOOKMARK [2][-]{subsection.4.4.4}{\376\377\0004\000.\0004\000.\0004\000\040\000M\000e\000m\000b\000e\000r\000\040\000D\000a\000t\000a\000\040\000D\000o\000c\000u\000m\000e\000n\000t\000a\000t\000i\000o\000n}{section.4.4}% 45
\BOOKMARK [3][-]{subsubsection.4.4.4.1}{\376\377\0004\000.\0004\000.\0004\000.\0001\000\040\000a\000r\000r\000a\000y}{subsection.4.4.4}% 46
\BOOKMARK [3][-]{subsubsection.4.4.4.2}{\376\377\0004\000.\0004\000.\0004\000.\0002\000\040\000N}{subsection.4.4.4}% 47
\BOOKMARK [0][-]{chapter.5}{\376\377\0005\000\040\000F\000i\000l\000e\000\040\000D\000o\000c\000u\000m\000e\000n\000t\000a\000t\000i\000o\000n}{}% 48
\BOOKMARK [1][-]{section.5.1}{\376\377\0005\000.\0001\000\040\000c\000o\000m\000b\000u\000s\000t\000i\000o\000n\000-\000p\000a\000c\000k\000e\000d\000-\000p\000e\000l\000l\000e\000t\000-\000c\000o\000r\000e\000-\000s\000h\000e\000l\000l\000-\000p\000a\000r\000t\000i\000c\000l\000e\000s\000/\000e\000x\000a\000m\000p\000l\000e\000s\000/\000L\000o\000w\000e\000r\000\137\000T\000r\000i\000a\000n\000g\000u\000l\000a\000r\000\137\000M\000a\000t\000r\000i\000x\000\137\000E\000x\000a\000m\000p\000l\000e\000.\000c\000p\000p\000\040\000F\000i\000l\000e\000\040\000R\000e\000f\000e\000r\000e\000n\000c\000e}{chapter.5}% 49
\BOOKMARK [2][-]{subsection.5.1.1}{\376\377\0005\000.\0001\000.\0001\000\040\000D\000e\000t\000a\000i\000l\000e\000d\000\040\000D\000e\000s\000c\000r\000i\000p\000t\000i\000o\000n}{section.5.1}% 50
\BOOKMARK [1][-]{section.5.2}{\376\377\0005\000.\0002\000\040\000c\000o\000m\000b\000u\000s\000t\000i\000o\000n\000-\000p\000a\000c\000k\000e\000d\000-\000p\000e\000l\000l\000e\000t\000-\000c\000o\000r\000e\000-\000s\000h\000e\000l\000l\000-\000p\000a\000r\000t\000i\000c\000l\000e\000s\000/\000e\000x\000a\000m\000p\000l\000e\000s\000/\000Q\000R\000\137\000S\000o\000l\000v\000e\000r\000\137\000E\000x\000a\000m\000p\000l\000e\000.\000c\000p\000p\000\040\000F\000i\000l\000e\000\040\000R\000e\000f\000e\000r\000e\000n\000c\000e}{chapter.5}% 51
\BOOKMARK [2][-]{subsection.5.2.1}{\376\377\0005\000.\0002\000.\0001\000\040\000D\000e\000t\000a\000i\000l\000e\000d\000\040\000D\000e\000s\000c\000r\000i\000p\000t\000i\000o\000n}{section.5.2}% 52
\BOOKMARK [1][-]{section.5.3}{\376\377\0005\000.\0003\000\040\000c\000o\000m\000b\000u\000s\000t\000i\000o\000n\000-\000p\000a\000c\000k\000e\000d\000-\000p\000e\000l\000l\000e\000t\000-\000c\000o\000r\000e\000-\000s\000h\000e\000l\000l\000-\000p\000a\000r\000t\000i\000c\000l\000e\000s\000/\000i\000n\000c\000l\000u\000d\000e\000/\000G\000i\000v\000e\000n\000s\000R\000o\000t\000a\000t\000i\000o\000n\000M\000a\000t\000r\000i\000x\000.\000h\000p\000p\000\040\000F\000i\000l\000e\000\040\000R\000e\000f\000e\000r\000e\000n\000c\000e}{chapter.5}% 53
\BOOKMARK [2][-]{subsection.5.3.1}{\376\377\0005\000.\0003\000.\0001\000\040\000D\000e\000t\000a\000i\000l\000e\000d\000\040\000D\000e\000s\000c\000r\000i\000p\000t\000i\000o\000n}{section.5.3}% 54
\BOOKMARK [1][-]{section.5.4}{\376\377\0005\000.\0004\000\040\000c\000o\000m\000b\000u\000s\000t\000i\000o\000n\000-\000p\000a\000c\000k\000e\000d\000-\000p\000e\000l\000l\000e\000t\000-\000c\000o\000r\000e\000-\000s\000h\000e\000l\000l\000-\000p\000a\000r\000t\000i\000c\000l\000e\000s\000/\000i\000n\000c\000l\000u\000d\000e\000/\000L\000o\000w\000e\000r\000\137\000T\000r\000i\000a\000n\000g\000u\000l\000a\000r\000\137\000M\000a\000t\000r\000i\000x\000.\000h\000p\000p\000\040\000F\000i\000l\000e\000\040\000R\000e\000f\000e\000r\000e\000n\000c\000e}{chapter.5}% 55
\BOOKMARK [2][-]{subsection.5.4.1}{\376\377\0005\000.\0004\000.\0001\000\040\000D\000e\000t\000a\000i\000l\000e\000d\000\040\000D\000e\000s\000c\000r\000i\000p\000t\000i\000o\000n}{section.5.4}% 56
\BOOKMARK [1][-]{section.5.5}{\376\377\0005\000.\0005\000\040\000c\000o\000m\000b\000u\000s\000t\000i\000o\000n\000-\000p\000a\000c\000k\000e\000d\000-\000p\000e\000l\000l\000e\000t\000-\000c\000o\000r\000e\000-\000s\000h\000e\000l\000l\000-\000p\000a\000r\000t\000i\000c\000l\000e\000s\000/\000i\000n\000c\000l\000u\000d\000e\000/\000Q\000R\000\137\000S\000o\000l\000v\000e\000r\000.\000h\000p\000p\000\040\000F\000i\000l\000e\000\040\000R\000e\000f\000e\000r\000e\000n\000c\000e}{chapter.5}% 57
\BOOKMARK [2][-]{subsection.5.5.1}{\376\377\0005\000.\0005\000.\0001\000\040\000D\000e\000t\000a\000i\000l\000e\000d\000\040\000D\000e\000s\000c\000r\000i\000p\000t\000i\000o\000n}{section.5.5}% 58
\BOOKMARK [1][-]{section.5.6}{\376\377\0005\000.\0006\000\040\000c\000o\000m\000b\000u\000s\000t\000i\000o\000n\000-\000p\000a\000c\000k\000e\000d\000-\000p\000e\000l\000l\000e\000t\000-\000c\000o\000r\000e\000-\000s\000h\000e\000l\000l\000-\000p\000a\000r\000t\000i\000c\000l\000e\000s\000/\000i\000n\000c\000l\000u\000d\000e\000/\000T\000r\000i\000d\000i\000a\000g\000o\000n\000a\000l\000\137\000M\000a\000t\000r\000i\000x\000.\000h\000p\000p\000\040\000F\000i\000l\000e\000\040\000R\000e\000f\000e\000r\000e\000n\000c\000e}{chapter.5}% 59
\BOOKMARK [2][-]{subsection.5.6.1}{\376\377\0005\000.\0006\000.\0001\000\040\000D\000e\000t\000a\000i\000l\000e\000d\000\040\000D\000e\000s\000c\000r\000i\000p\000t\000i\000o\000n}{section.5.6}% 60
\BOOKMARK [1][-]{section.5.7}{\376\377\0005\000.\0007\000\040\000c\000o\000m\000b\000u\000s\000t\000i\000o\000n\000-\000p\000a\000c\000k\000e\000d\000-\000p\000e\000l\000l\000e\000t\000-\000c\000o\000r\000e\000-\000s\000h\000e\000l\000l\000-\000p\000a\000r\000t\000i\000c\000l\000e\000s\000/\000s\000r\000c\000/\000L\000o\000w\000e\000r\000\137\000T\000r\000i\000a\000n\000g\000u\000l\000a\000r\000\137\000M\000a\000t\000r\000i\000x\000.\000c\000p\000p\000\040\000F\000i\000l\000e\000\040\000R\000e\000f\000e\000r\000e\000n\000c\000e}{chapter.5}% 61
\BOOKMARK [2][-]{subsection.5.7.1}{\376\377\0005\000.\0007\000.\0001\000\040\000D\000e\000t\000a\000i\000l\000e\000d\000\040\000D\000e\000s\000c\000r\000i\000p\000t\000i\000o\000n}{section.5.7}% 62
\BOOKMARK [1][-]{section.5.8}{\376\377\0005\000.\0008\000\040\000c\000o\000m\000b\000u\000s\000t\000i\000o\000n\000-\000p\000a\000c\000k\000e\000d\000-\000p\000e\000l\000l\000e\000t\000-\000c\000o\000r\000e\000-\000s\000h\000e\000l\000l\000-\000p\000a\000r\000t\000i\000c\000l\000e\000s\000/\000s\000r\000c\000/\000T\000r\000i\000d\000i\000a\000g\000o\000n\000a\000l\000\137\000M\000a\000t\000r\000i\000x\000.\000c\000p\000p\000\040\000F\000i\000l\000e\000\040\000R\000e\000f\000e\000r\000e\000n\000c\000e}{chapter.5}% 63
\BOOKMARK [2][-]{subsection.5.8.1}{\376\377\0005\000.\0008\000.\0001\000\040\000D\000e\000t\000a\000i\000l\000e\000d\000\040\000D\000e\000s\000c\000r\000i\000p\000t\000i\000o\000n}{section.5.8}% 64
\BOOKMARK [0][-]{section*.24}{\376\377\000I\000n\000d\000e\000x}{}% 65
